INFO  八月 30 16:36:40.0753 (Startup.java        :32  ) start
INFO  八月 30 16:36:40.0887 (MLog.java           :80  ) MLog clients using log4j logging.
INFO  八月 30 16:36:41.0205 (C3P0Registry.java   :204 ) Initializing c3p0-0.9.1 [built 16-January-2007 14:46:42; debug? true; trace: 10]
INFO  八月 30 16:36:53.0068 (AbstractPoolBackedDataSource.java:462 ) Initializing c3p0 pool... com.mchange.v2.c3p0.ComboPooledDataSource [ acquireIncrement -> 3, acquireRetryAttempts -> 30, acquireRetryDelay -> 1000, autoCommitOnClose -> false, automaticTestTable -> null, breakAfterAcquireFailure -> false, checkoutTimeout -> 0, connectionCustomizerClassName -> null, connectionTesterClassName -> com.mchange.v2.c3p0.impl.DefaultConnectionTester, dataSourceName -> 1hge15w94ak5v8sllvqjd|97eded, debugUnreturnedConnectionStackTraces -> false, description -> null, driverClass -> oracle.jdbc.driver.OracleDriver, factoryClassLocation -> null, forceIgnoreUnresolvedTransactions -> false, identityToken -> 1hge15w94ak5v8sllvqjd|97eded, idleConnectionTestPeriod -> 0, initialPoolSize -> 20, jdbcUrl -> jdbc:oracle:thin:@10.25.254.60:1521:jygl1, lastAcquisitionFailureDefaultUser -> null, maxAdministrativeTaskTime -> 0, maxConnectionAge -> 0, maxIdleTime -> 20, maxIdleTimeExcessConnections -> 0, maxPoolSize -> 20, maxStatements -> 0, maxStatementsPerConnection -> 0, minPoolSize -> 5, numHelperThreads -> 3, numThreadsAwaitingCheckoutDefaultUser -> 0, preferredTestQuery -> null, properties -> {user=******, password=******}, propertyCycle -> 0, testConnectionOnCheckin -> false, testConnectionOnCheckout -> false, unreturnedConnectionTimeout -> 0, usesTraditionalReflectiveProxies -> false ]
INFO  八月 30 16:37:31.0283 (DataProcess.java    :175 ) writedata to T_COS_MID_VOY_RESULT_PRTENTRY,pk=owMz/oHTTWmk/X9x1/bIMuYm0hI=
INFO  八月 30 16:37:31.0307 (AbstractPoolBackedDataSource.java:462 ) Initializing c3p0 pool... com.mchange.v2.c3p0.ComboPooledDataSource [ acquireIncrement -> 3, acquireRetryAttempts -> 30, acquireRetryDelay -> 1000, autoCommitOnClose -> false, automaticTestTable -> null, breakAfterAcquireFailure -> false, checkoutTimeout -> 0, connectionCustomizerClassName -> null, connectionTesterClassName -> com.mchange.v2.c3p0.impl.DefaultConnectionTester, dataSourceName -> 1hge15w94ak5v8sllvqjd|ac06d4, debugUnreturnedConnectionStackTraces -> false, description -> null, driverClass -> oracle.jdbc.driver.OracleDriver, factoryClassLocation -> null, forceIgnoreUnresolvedTransactions -> false, identityToken -> 1hge15w94ak5v8sllvqjd|ac06d4, idleConnectionTestPeriod -> 0, initialPoolSize -> 20, jdbcUrl -> jdbc:oracle:thin:@10.25.254.60:1521:easdb1, lastAcquisitionFailureDefaultUser -> null, maxAdministrativeTaskTime -> 0, maxConnectionAge -> 0, maxIdleTime -> 20, maxIdleTimeExcessConnections -> 0, maxPoolSize -> 20, maxStatements -> 0, maxStatementsPerConnection -> 0, minPoolSize -> 5, numHelperThreads -> 3, numThreadsAwaitingCheckoutDefaultUser -> 0, preferredTestQuery -> null, properties -> {user=******, password=******}, propertyCycle -> 0, testConnectionOnCheckin -> false, testConnectionOnCheckout -> false, unreturnedConnectionTimeout -> 0, usesTraditionalReflectiveProxies -> false ]
INFO  八月 30 16:38:53.0884 (DataProcess.java    :175 ) writedata to T_COS_MID_VOY_RESULT_PRTENTRY3,pk=owMz/oHTTWmk/X9x1/bIMuYm0hI=
INFO  八月 30 16:43:11.0799 (Startup.java        :32  ) start
INFO  八月 30 16:43:11.0828 (MLog.java           :80  ) MLog clients using log4j logging.
INFO  八月 30 16:43:11.0961 (C3P0Registry.java   :204 ) Initializing c3p0-0.9.1 [built 16-January-2007 14:46:42; debug? true; trace: 10]
INFO  八月 30 16:43:12.0103 (AbstractPoolBackedDataSource.java:462 ) Initializing c3p0 pool... com.mchange.v2.c3p0.ComboPooledDataSource [ acquireIncrement -> 3, acquireRetryAttempts -> 30, acquireRetryDelay -> 1000, autoCommitOnClose -> false, automaticTestTable -> null, breakAfterAcquireFailure -> false, checkoutTimeout -> 0, connectionCustomizerClassName -> null, connectionTesterClassName -> com.mchange.v2.c3p0.impl.DefaultConnectionTester, dataSourceName -> 1hge15w94ake8weogy7ry|1aae94f, debugUnreturnedConnectionStackTraces -> false, description -> null, driverClass -> oracle.jdbc.driver.OracleDriver, factoryClassLocation -> null, forceIgnoreUnresolvedTransactions -> false, identityToken -> 1hge15w94ake8weogy7ry|1aae94f, idleConnectionTestPeriod -> 0, initialPoolSize -> 20, jdbcUrl -> jdbc:oracle:thin:@10.25.254.60:1521:jygl1, lastAcquisitionFailureDefaultUser -> null, maxAdministrativeTaskTime -> 0, maxConnectionAge -> 0, maxIdleTime -> 20, maxIdleTimeExcessConnections -> 0, maxPoolSize -> 20, maxStatements -> 0, maxStatementsPerConnection -> 0, minPoolSize -> 5, numHelperThreads -> 3, numThreadsAwaitingCheckoutDefaultUser -> 0, preferredTestQuery -> null, properties -> {user=******, password=******}, propertyCycle -> 0, testConnectionOnCheckin -> false, testConnectionOnCheckout -> false, unreturnedConnectionTimeout -> 0, usesTraditionalReflectiveProxies -> false ]
INFO  八月 30 16:43:27.0647 (DataProcess.java    :175 ) writedata to T_COS_MID_VOY_RESULT_PRTENTRY3,pk=owMz/oHTTWmk/X9x1/bIMuYm0hI=
INFO  八月 30 16:43:27.0686 (AbstractPoolBackedDataSource.java:462 ) Initializing c3p0 pool... com.mchange.v2.c3p0.ComboPooledDataSource [ acquireIncrement -> 3, acquireRetryAttempts -> 30, acquireRetryDelay -> 1000, autoCommitOnClose -> false, automaticTestTable -> null, breakAfterAcquireFailure -> false, checkoutTimeout -> 0, connectionCustomizerClassName -> null, connectionTesterClassName -> com.mchange.v2.c3p0.impl.DefaultConnectionTester, dataSourceName -> 1hge15w94ake8weogy7ry|1a9876e, debugUnreturnedConnectionStackTraces -> false, description -> null, driverClass -> oracle.jdbc.driver.OracleDriver, factoryClassLocation -> null, forceIgnoreUnresolvedTransactions -> false, identityToken -> 1hge15w94ake8weogy7ry|1a9876e, idleConnectionTestPeriod -> 0, initialPoolSize -> 20, jdbcUrl -> jdbc:oracle:thin:@10.25.254.60:1521:easdb1, lastAcquisitionFailureDefaultUser -> null, maxAdministrativeTaskTime -> 0, maxConnectionAge -> 0, maxIdleTime -> 20, maxIdleTimeExcessConnections -> 0, maxPoolSize -> 20, maxStatements -> 0, maxStatementsPerConnection -> 0, minPoolSize -> 5, numHelperThreads -> 3, numThreadsAwaitingCheckoutDefaultUser -> 0, preferredTestQuery -> null, properties -> {user=******, password=******}, propertyCycle -> 0, testConnectionOnCheckin -> false, testConnectionOnCheckout -> false, unreturnedConnectionTimeout -> 0, usesTraditionalReflectiveProxies -> false ]
INFO  八月 30 16:50:28.0971 (DataProcess.java    :175 ) writedata to T_COS_MID_VOY_RESULT_PRTENTRY,pk=4cHwb8XGRg+hE541UexPruYm0hI=
INFO  八月 30 16:51:05.0849 (DataProcess.java    :175 ) writedata to T_COS_MID_VOY_RESULT_PRTENTRY3,pk=4cHwb8XGRg+hE541UexPruYm0hI=
INFO  八月 30 16:53:00.0212 (DataProcess.java    :175 ) writedata to T_COS_MID_VOY_FRTENTRY,pk=6GGCMKPaT2K8pKB+u+Q5X+Ym0hU=
INFO  八月 30 16:53:01.0153 (DataProcess.java    :175 ) writedata to T_COS_MID_VOY_FRTENTRY1,pk=6GGCMKPaT2K8pKB+u+Q5X+Ym0hU=
INFO  八月 30 16:54:32.0675 (DataProcess.java    :175 ) writedata to T_COS_MID_VOY_RESULT_COMMENTR2,pk=P+ZvmgbURMWeGdyQ/Xv5zuYm0hU=
INFO  八月 30 16:54:34.0846 (DataProcess.java    :175 ) writedata to T_COS_MID_VOY_RESULT_COMMENTRY,pk=P+ZvmgbURMWeGdyQ/Xv5zuYm0hU=
INFO  八月 30 16:54:35.0395 (DataProcess.java    :175 ) writedata to T_COS_MID_VOY_RESULT_COMMENTR2,pk=55s+r1a+Q7Oj0lFMYRkf/uYm0hU=
INFO  八月 30 16:54:36.0501 (DataProcess.java    :175 ) writedata to T_COS_MID_VOY_RESULT_COMMENTRY,pk=55s+r1a+Q7Oj0lFMYRkf/uYm0hU=
INFO  八月 30 16:54:36.0807 (DataProcess.java    :175 ) writedata to T_COS_MID_VOY_RESULT_COMMENTR2,pk=iKCZSXOfRdS3tzY44Hmb2eYm0hU=
INFO  八月 30 16:54:38.0070 (DataProcess.java    :175 ) writedata to T_COS_MID_VOY_RESULT_COMMENTRY,pk=iKCZSXOfRdS3tzY44Hmb2eYm0hU=
INFO  八月 30 16:54:38.0393 (DataProcess.java    :175 ) writedata to T_COS_MID_VOY_RESULT1,pk=+MpTqpOzRciNDBeBMc8Smv2TWoQ=
INFO  八月 30 16:54:39.0325 (DataProcess.java    :175 ) writedata to T_COS_MID_VOY_RESULT2,pk=+MpTqpOzRciNDBeBMc8Smv2TWoQ=
INFO  八月 30 16:54:40.0576 (DataProcess.java    :175 ) writedata to T_COS_MID_VOY_RESULT3,pk=+MpTqpOzRciNDBeBMc8Smv2TWoQ=
INFO  八月 30 16:54:41.0911 (DataProcess.java    :175 ) writedata to T_COS_MID_VOY_RESULT,pk=+MpTqpOzRciNDBeBMc8Smv2TWoQ=
INFO  八月 30 16:54:42.0904 (DataProcess.java    :175 ) writedata to T_COS_MID_VOY_RESULT_PRTENTRY,pk=CEbeEcMfQpukyHIsnZgpY+Ym0hI=
INFO  八月 30 16:54:43.0383 (DataProcess.java    :175 ) writedata to T_COS_MID_VOY_RESULT_PRTENTRY3,pk=CEbeEcMfQpukyHIsnZgpY+Ym0hI=
INFO  八月 30 16:54:44.0312 (DataProcess.java    :175 ) writedata to T_COS_MID_VOY_RESULT_PRTENTRY,pk=qdOzTwGtRlakoLSzANJMjOYm0hI=
INFO  八月 30 16:54:45.0140 (DataProcess.java    :175 ) writedata to T_COS_MID_VOY_RESULT_PRTENTRY3,pk=qdOzTwGtRlakoLSzANJMjOYm0hI=
INFO  八月 30 16:54:46.0335 (DataProcess.java    :175 ) writedata to T_COS_MID_VOY_FRTENTRY,pk=woIRG+bmREq9fI3nYXexJOYm0hU=
INFO  八月 30 16:54:46.0790 (DataProcess.java    :175 ) writedata to T_COS_MID_VOY_FRTENTRY1,pk=woIRG+bmREq9fI3nYXexJOYm0hU=
INFO  八月 30 16:54:47.0917 (DataProcess.java    :175 ) writedata to T_COS_MID_VOY_RESULT_COMMENTR2,pk=uEbGROMMQOaIv+lwJE2/NOYm0hU=
INFO  八月 30 16:54:49.0432 (DataProcess.java    :175 ) writedata to T_COS_MID_VOY_RESULT_COMMENTRY,pk=uEbGROMMQOaIv+lwJE2/NOYm0hU=
INFO  八月 30 16:54:49.0758 (DataProcess.java    :175 ) writedata to T_COS_MID_VOY_RESULT_COMMENTR2,pk=kKItIqO0Sc6Ph40qu+6PEeYm0hU=
INFO  八月 30 16:54:51.0089 (DataProcess.java    :175 ) writedata to T_COS_MID_VOY_RESULT_COMMENTRY,pk=kKItIqO0Sc6Ph40qu+6PEeYm0hU=
INFO  八月 30 16:54:51.0404 (DataProcess.java    :175 ) writedata to T_COS_MID_VOY_RESULT_COMMENTR2,pk=Kc9cPjhPTxyy3RBySvrZfuYm0hU=
INFO  八月 30 16:54:52.0320 (DataProcess.java    :175 ) writedata to T_COS_MID_VOY_RESULT_COMMENTRY,pk=Kc9cPjhPTxyy3RBySvrZfuYm0hU=
INFO  八月 30 16:54:52.0821 (DataProcess.java    :175 ) writedata to T_COS_MID_VOY_RESULT1,pk=luFO/afORIWOx+UYO3R7hf2TWoQ=
INFO  八月 30 16:59:57.0238 (DataProcess.java    :175 ) writedata to T_COS_MID_VOY_RESULT2,pk=luFO/afORIWOx+UYO3R7hf2TWoQ=
INFO  八月 30 17:04:36.0588 (DataProcess.java    :175 ) writedata to T_COS_MID_VOY_RESULT3,pk=luFO/afORIWOx+UYO3R7hf2TWoQ=
INFO  八月 30 17:04:38.0632 (DataProcess.java    :175 ) writedata to T_COS_MID_VOY_RESULT,pk=luFO/afORIWOx+UYO3R7hf2TWoQ=
INFO  八月 30 17:04:39.0048 (DataProcess.java    :175 ) writedata to T_COS_MID_VOY_RESULT_PRTENTRY,pk=hhfB2QhWSWyWsWDUDjkshOYm0hI=
INFO  八月 30 17:04:40.0250 (DataProcess.java    :175 ) writedata to T_COS_MID_VOY_RESULT_PRTENTRY3,pk=hhfB2QhWSWyWsWDUDjkshOYm0hI=
INFO  八月 30 17:04:48.0165 (DataProcess.java    :175 ) writedata to T_COS_MID_VOY_RESULT_PRTENTRY,pk=KC6M8V4eS0WQqzYGqzeqbuYm0hI=
INFO  八月 30 17:04:48.0747 (DataProcess.java    :175 ) writedata to T_COS_MID_VOY_RESULT_PRTENTRY3,pk=KC6M8V4eS0WQqzYGqzeqbuYm0hI=
INFO  八月 30 17:04:49.0708 (DataProcess.java    :175 ) writedata to T_COS_MID_VOY_FRTENTRY,pk=vPssWbDzRd6LudcI06kEoOYm0hU=
INFO  八月 30 17:04:50.0361 (DataProcess.java    :175 ) writedata to T_COS_MID_VOY_FRTENTRY1,pk=vPssWbDzRd6LudcI06kEoOYm0hU=
INFO  八月 30 17:04:51.0609 (DataProcess.java    :175 ) writedata to T_COS_MID_VOY_RESULT1,pk=B43eRNQaSZO40hf/j4rV+f2TWoQ=
INFO  八月 30 17:04:53.0522 (DataProcess.java    :175 ) writedata to T_COS_MID_VOY_RESULT2,pk=B43eRNQaSZO40hf/j4rV+f2TWoQ=
INFO  八月 30 17:04:54.0775 (DataProcess.java    :175 ) writedata to T_COS_MID_VOY_RESULT3,pk=B43eRNQaSZO40hf/j4rV+f2TWoQ=
INFO  八月 30 17:04:55.0776 (DataProcess.java    :175 ) writedata to T_COS_MID_VOY_RESULT,pk=B43eRNQaSZO40hf/j4rV+f2TWoQ=
INFO  八月 30 17:04:56.0550 (DataProcess.java    :175 ) writedata to T_COS_MID_VOY_RESULT_PRTENTRY,pk=Y4DTweFJSUCA8LhOFYFt7OYm0hI=
INFO  八月 30 17:04:56.0929 (DataProcess.java    :175 ) writedata to T_COS_MID_VOY_RESULT_PRTENTRY3,pk=Y4DTweFJSUCA8LhOFYFt7OYm0hI=
INFO  八月 30 17:04:58.0229 (DataProcess.java    :175 ) writedata to T_COS_MID_VOY_RESULT_PRTENTRY,pk=xVpBJR3JSauJ9WkHRVuDAOYm0hI=
INFO  八月 30 17:04:58.0587 (DataProcess.java    :175 ) writedata to T_COS_MID_VOY_RESULT_PRTENTRY3,pk=xVpBJR3JSauJ9WkHRVuDAOYm0hI=
INFO  八月 30 17:04:59.0865 (DataProcess.java    :175 ) writedata to T_COS_MID_VOY_FRTENTRY,pk=3utt1eUCSBKZrb70MjTFHuYm0hU=
INFO  八月 30 17:05:00.0227 (DataProcess.java    :175 ) writedata to T_COS_MID_VOY_FRTENTRY1,pk=3utt1eUCSBKZrb70MjTFHuYm0hU=
INFO  八月 30 17:05:01.0282 (DataProcess.java    :175 ) writedata to T_COS_MID_VOY_RESULT1,pk=E0Cr9yggT+mS2SXKdiiAif2TWoQ=
INFO  八月 30 17:05:02.0131 (DataProcess.java    :175 ) writedata to T_COS_MID_VOY_RESULT2,pk=E0Cr9yggT+mS2SXKdiiAif2TWoQ=
INFO  八月 30 17:05:03.0514 (DataProcess.java    :175 ) writedata to T_COS_MID_VOY_RESULT3,pk=E0Cr9yggT+mS2SXKdiiAif2TWoQ=
INFO  八月 30 17:05:05.0346 (DataProcess.java    :175 ) writedata to T_COS_MID_VOY_RESULT,pk=E0Cr9yggT+mS2SXKdiiAif2TWoQ=
INFO  八月 30 17:05:05.0819 (DataProcess.java    :175 ) writedata to T_COS_MID_VOY_RESULT_PRTENTRY,pk=FlSA4cQSRImNsuKCH+JhQ+Ym0hI=
INFO  八月 30 17:05:06.0394 (DataProcess.java    :175 ) writedata to T_COS_MID_VOY_RESULT_PRTENTRY3,pk=FlSA4cQSRImNsuKCH+JhQ+Ym0hI=
INFO  八月 30 17:05:08.0594 (DataProcess.java    :175 ) writedata to T_COS_MID_VOY_RESULT_PRTENTRY,pk=m3EwVmy2SfmMvigXWSZrWeYm0hI=
INFO  八月 30 17:05:08.0991 (DataProcess.java    :175 ) writedata to T_COS_MID_VOY_RESULT_PRTENTRY3,pk=m3EwVmy2SfmMvigXWSZrWeYm0hI=
INFO  八月 30 17:05:11.0141 (DataProcess.java    :175 ) writedata to T_COS_MID_VOY_FRTENTRY,pk=f/TRNpX9Sh2BMeHaJ9SoqeYm0hU=
INFO  八月 30 17:05:12.0428 (DataProcess.java    :175 ) writedata to T_COS_MID_VOY_FRTENTRY1,pk=f/TRNpX9Sh2BMeHaJ9SoqeYm0hU=
INFO  八月 30 17:05:14.0321 (DataProcess.java    :175 ) writedata to T_COS_MID_VOY_RESULT1,pk=wj6leybhRQWE4HC7czE0g/2TWoQ=
INFO  八月 30 17:05:15.0988 (DataProcess.java    :175 ) writedata to T_COS_MID_VOY_RESULT2,pk=wj6leybhRQWE4HC7czE0g/2TWoQ=
INFO  八月 30 17:05:18.0359 (DataProcess.java    :175 ) writedata to T_COS_MID_VOY_RESULT3,pk=wj6leybhRQWE4HC7czE0g/2TWoQ=
INFO  八月 30 17:05:20.0195 (DataProcess.java    :175 ) writedata to T_COS_MID_VOY_RESULT,pk=wj6leybhRQWE4HC7czE0g/2TWoQ=
INFO  八月 30 17:05:20.0651 (DataProcess.java    :175 ) writedata to T_COS_MID_VOY_RESULT_PRTENTRY,pk=unj3ekYHQN2haylvTWavYeYm0hI=
INFO  八月 30 17:05:20.0980 (DataProcess.java    :175 ) writedata to T_COS_MID_VOY_RESULT_PRTENTRY3,pk=unj3ekYHQN2haylvTWavYeYm0hI=
INFO  八月 30 17:05:23.0899 (DataProcess.java    :175 ) writedata to T_COS_MID_VOY_RESULT_PRTENTRY,pk=bMC/enAuR/SsFY558cGdTeYm0hI=
INFO  八月 30 17:05:24.0905 (DataProcess.java    :175 ) writedata to T_COS_MID_VOY_RESULT_PRTENTRY3,pk=bMC/enAuR/SsFY558cGdTeYm0hI=
INFO  八月 30 17:09:02.0186 (Startup.java        :32  ) start
INFO  八月 30 17:09:02.0214 (MLog.java           :80  ) MLog clients using log4j logging.
INFO  八月 30 17:09:02.0322 (C3P0Registry.java   :204 ) Initializing c3p0-0.9.1 [built 16-January-2007 14:46:42; debug? true; trace: 10]
INFO  八月 30 17:09:02.0413 (AbstractPoolBackedDataSource.java:462 ) Initializing c3p0 pool... com.mchange.v2.c3p0.ComboPooledDataSource [ acquireIncrement -> 3, acquireRetryAttempts -> 30, acquireRetryDelay -> 1000, autoCommitOnClose -> false, automaticTestTable -> null, breakAfterAcquireFailure -> false, checkoutTimeout -> 0, connectionCustomizerClassName -> null, connectionTesterClassName -> com.mchange.v2.c3p0.impl.DefaultConnectionTester, dataSourceName -> 1hge15w94albh6112y0ft3|1e228bc, debugUnreturnedConnectionStackTraces -> false, description -> null, driverClass -> oracle.jdbc.driver.OracleDriver, factoryClassLocation -> null, forceIgnoreUnresolvedTransactions -> false, identityToken -> 1hge15w94albh6112y0ft3|1e228bc, idleConnectionTestPeriod -> 0, initialPoolSize -> 20, jdbcUrl -> jdbc:oracle:thin:@10.25.254.60:1521:jygl1, lastAcquisitionFailureDefaultUser -> null, maxAdministrativeTaskTime -> 0, maxConnectionAge -> 0, maxIdleTime -> 20, maxIdleTimeExcessConnections -> 0, maxPoolSize -> 20, maxStatements -> 0, maxStatementsPerConnection -> 0, minPoolSize -> 5, numHelperThreads -> 3, numThreadsAwaitingCheckoutDefaultUser -> 0, preferredTestQuery -> null, properties -> {user=******, password=******}, propertyCycle -> 0, testConnectionOnCheckin -> false, testConnectionOnCheckout -> false, unreturnedConnectionTimeout -> 0, usesTraditionalReflectiveProxies -> false ]
INFO  八月 30 17:09:17.0958 (AbstractPoolBackedDataSource.java:462 ) Initializing c3p0 pool... com.mchange.v2.c3p0.ComboPooledDataSource [ acquireIncrement -> 3, acquireRetryAttempts -> 30, acquireRetryDelay -> 1000, autoCommitOnClose -> false, automaticTestTable -> null, breakAfterAcquireFailure -> false, checkoutTimeout -> 0, connectionCustomizerClassName -> null, connectionTesterClassName -> com.mchange.v2.c3p0.impl.DefaultConnectionTester, dataSourceName -> 1hge15w94albh6112y0ft3|1896a4c, debugUnreturnedConnectionStackTraces -> false, description -> null, driverClass -> oracle.jdbc.driver.OracleDriver, factoryClassLocation -> null, forceIgnoreUnresolvedTransactions -> false, identityToken -> 1hge15w94albh6112y0ft3|1896a4c, idleConnectionTestPeriod -> 0, initialPoolSize -> 20, jdbcUrl -> jdbc:oracle:thin:@10.25.254.60:1521:easdb1, lastAcquisitionFailureDefaultUser -> null, maxAdministrativeTaskTime -> 0, maxConnectionAge -> 0, maxIdleTime -> 20, maxIdleTimeExcessConnections -> 0, maxPoolSize -> 20, maxStatements -> 0, maxStatementsPerConnection -> 0, minPoolSize -> 5, numHelperThreads -> 3, numThreadsAwaitingCheckoutDefaultUser -> 0, preferredTestQuery -> null, properties -> {user=******, password=******}, propertyCycle -> 0, testConnectionOnCheckin -> false, testConnectionOnCheckout -> false, unreturnedConnectionTimeout -> 0, usesTraditionalReflectiveProxies -> false ]
INFO  八月 30 17:09:30.0173 (DataProcess.java    :462 ) writedata to T_COS_MID_VOY_RESULT_PRTENTRY3,pk=owMz/oHTTWmk/X9x1/bIMuYm0hI=
INFO  八月 30 17:09:32.0225 (DataProcess.java    :462 ) writedata to T_COS_MID_VOY_RESULT_PRTENTRY3,pk=4cHwb8XGRg+hE541UexPruYm0hI=
INFO  八月 30 17:09:35.0021 (DataProcess.java    :462 ) writedata to T_COS_MID_VOY_FRTENTRY1,pk=6GGCMKPaT2K8pKB+u+Q5X+Ym0hU=
INFO  八月 30 17:09:36.0832 (DataProcess.java    :462 ) writedata to T_COS_MID_VOY_RESULT_COMMENTR2,pk=P+ZvmgbURMWeGdyQ/Xv5zuYm0hU=
INFO  八月 30 17:09:38.0744 (DataProcess.java    :462 ) writedata to T_COS_MID_VOY_RESULT_COMMENTR2,pk=55s+r1a+Q7Oj0lFMYRkf/uYm0hU=
INFO  八月 30 17:09:40.0891 (DataProcess.java    :462 ) writedata to T_COS_MID_VOY_RESULT_COMMENTR2,pk=iKCZSXOfRdS3tzY44Hmb2eYm0hU=
INFO  八月 30 17:09:42.0524 (DataProcess.java    :462 ) writedata to T_COS_MID_VOY_RESULT_PRTENTRY3,pk=CEbeEcMfQpukyHIsnZgpY+Ym0hI=
INFO  八月 30 17:09:44.0518 (DataProcess.java    :462 ) writedata to T_COS_MID_VOY_RESULT_PRTENTRY3,pk=qdOzTwGtRlakoLSzANJMjOYm0hI=
INFO  八月 30 17:11:14.0629 (DataProcess.java    :462 ) writedata to T_COS_MID_VOY_FRTENTRY1,pk=woIRG+bmREq9fI3nYXexJOYm0hU=
INFO  八月 30 17:11:22.0299 (DataProcess.java    :462 ) writedata to T_COS_MID_VOY_RESULT_COMMENTR2,pk=uEbGROMMQOaIv+lwJE2/NOYm0hU=
INFO  八月 30 17:12:15.0757 (DataProcess.java    :462 ) writedata to T_COS_MID_VOY_RESULT_COMMENTR2,pk=kKItIqO0Sc6Ph40qu+6PEeYm0hU=
INFO  八月 30 17:12:29.0200 (DataProcess.java    :462 ) writedata to T_COS_MID_VOY_RESULT_COMMENTR2,pk=Kc9cPjhPTxyy3RBySvrZfuYm0hU=
INFO  八月 30 17:12:33.0592 (DataProcess.java    :462 ) writedata to T_COS_MID_VOY_RESULT_PRTENTRY3,pk=hhfB2QhWSWyWsWDUDjkshOYm0hI=
INFO  八月 30 17:12:37.0107 (DataProcess.java    :462 ) writedata to T_COS_MID_VOY_RESULT_PRTENTRY3,pk=KC6M8V4eS0WQqzYGqzeqbuYm0hI=
INFO  八月 30 17:12:46.0725 (DataProcess.java    :462 ) writedata to T_COS_MID_VOY_FRTENTRY1,pk=vPssWbDzRd6LudcI06kEoOYm0hU=
INFO  八月 30 17:12:48.0963 (DataProcess.java    :462 ) writedata to T_COS_MID_VOY_RESULT_PRTENTRY3,pk=Y4DTweFJSUCA8LhOFYFt7OYm0hI=
INFO  八月 30 17:12:51.0272 (DataProcess.java    :462 ) writedata to T_COS_MID_VOY_RESULT_PRTENTRY3,pk=xVpBJR3JSauJ9WkHRVuDAOYm0hI=
INFO  八月 30 17:12:53.0717 (DataProcess.java    :462 ) writedata to T_COS_MID_VOY_FRTENTRY1,pk=3utt1eUCSBKZrb70MjTFHuYm0hU=
INFO  八月 30 17:12:59.0285 (DataProcess.java    :462 ) writedata to T_COS_MID_VOY_RESULT_PRTENTRY3,pk=FlSA4cQSRImNsuKCH+JhQ+Ym0hI=
INFO  八月 30 17:13:02.0132 (DataProcess.java    :462 ) writedata to T_COS_MID_VOY_RESULT_PRTENTRY3,pk=m3EwVmy2SfmMvigXWSZrWeYm0hI=
INFO  八月 30 17:13:04.0228 (DataProcess.java    :462 ) writedata to T_COS_MID_VOY_FRTENTRY1,pk=f/TRNpX9Sh2BMeHaJ9SoqeYm0hU=
INFO  八月 30 17:13:07.0155 (DataProcess.java    :562 ) writedata to T_COS_MID_VOY_FRTENTRY,pk=XH01Q+7sRwyP4w4iaXaKVOYm0hU=
INFO  八月 30 17:13:09.0456 (DataProcess.java    :562 ) writedata to T_COS_MID_VOY_RESULT1,pk=UmaNdmUFRXWy0R0FGTPql/2TWoQ=
INFO  八月 30 17:13:10.0701 (DataProcess.java    :562 ) writedata to T_COS_MID_VOY_RESULT2,pk=UmaNdmUFRXWy0R0FGTPql/2TWoQ=
INFO  八月 30 17:13:12.0524 (DataProcess.java    :562 ) writedata to T_COS_MID_VOY_RESULT3,pk=UmaNdmUFRXWy0R0FGTPql/2TWoQ=
INFO  八月 30 17:13:13.0263 (DataProcess.java    :562 ) writedata to T_COS_MID_VOY_RESULT,pk=UmaNdmUFRXWy0R0FGTPql/2TWoQ=
INFO  八月 30 17:13:14.0428 (DataProcess.java    :562 ) writedata to T_COS_MID_VOY_RESULT_PRTENTRY,pk=7doIzyeXRXmLIMvFKAk7Z+Ym0hI=
INFO  八月 30 17:13:16.0227 (DataProcess.java    :562 ) writedata to T_COS_MID_VOY_RESULT_PRTENTRY,pk=eJQ0o4seReqEO9NQoyWuGuYm0hI=
INFO  八月 30 17:13:17.0894 (DataProcess.java    :562 ) writedata to T_COS_MID_VOY_FRTENTRY,pk=rvEZF7SRTketSvieWJNLd+Ym0hU=
INFO  八月 30 17:13:20.0080 (DataProcess.java    :562 ) writedata to T_COS_MID_VOY_RESULT1,pk=sBJTsxBsSKezofM/ZSBuxP2TWoQ=
INFO  八月 30 17:13:21.0857 (DataProcess.java    :562 ) writedata to T_COS_MID_VOY_RESULT2,pk=sBJTsxBsSKezofM/ZSBuxP2TWoQ=
INFO  八月 30 17:13:23.0344 (DataProcess.java    :562 ) writedata to T_COS_MID_VOY_RESULT3,pk=sBJTsxBsSKezofM/ZSBuxP2TWoQ=
INFO  八月 30 17:13:24.0122 (DataProcess.java    :562 ) writedata to T_COS_MID_VOY_RESULT,pk=sBJTsxBsSKezofM/ZSBuxP2TWoQ=
INFO  八月 30 17:13:24.0786 (DataProcess.java    :562 ) writedata to T_COS_MID_VOY_RESULT_PRTENTRY,pk=xVuRKTDOQIyUUXJLDYokuOYm0hI=
INFO  八月 30 17:13:26.0298 (DataProcess.java    :562 ) writedata to T_COS_MID_VOY_RESULT_PRTENTRY,pk=rNz0DfSDTWS7BA1x5fj/vOYm0hI=
INFO  八月 30 17:13:29.0704 (DataProcess.java    :562 ) writedata to T_COS_MID_VOY_FRTENTRY,pk=boZF3EQASOiMSBYjPYZ2LOYm0hU=
INFO  八月 30 17:36:24.0583 (DataProcess.java    :562 ) writedata to T_COS_MID_VOY_RESULT1,pk=Bjd5zCbFSOGOipRZrB/hyv2TWoQ=
INFO  八月 30 17:36:25.0993 (DataProcess.java    :562 ) writedata to T_COS_MID_VOY_RESULT2,pk=Bjd5zCbFSOGOipRZrB/hyv2TWoQ=
INFO  八月 30 17:36:27.0149 (DataProcess.java    :562 ) writedata to T_COS_MID_VOY_RESULT3,pk=Bjd5zCbFSOGOipRZrB/hyv2TWoQ=
INFO  八月 30 17:36:27.0823 (DataProcess.java    :562 ) writedata to T_COS_MID_VOY_RESULT,pk=Bjd5zCbFSOGOipRZrB/hyv2TWoQ=
INFO  八月 30 17:36:28.0483 (DataProcess.java    :562 ) writedata to T_COS_MID_VOY_RESULT_PRTENTRY,pk=LcHUz2VHT2uZx13zquUEg+Ym0hI=
INFO  八月 30 17:36:30.0462 (DataProcess.java    :562 ) writedata to T_COS_MID_VOY_RESULT_PRTENTRY,pk=sFhDNPztRVWpbQOELL6ukuYm0hI=
INFO  八月 30 17:36:33.0396 (DataProcess.java    :562 ) writedata to T_COS_MID_VOY_RESULT_PRTENTRY,pk=B+gvQSE5TzuebyTi0kjeKeYm0hI=
INFO  八月 30 17:36:37.0138 (DataProcess.java    :562 ) writedata to T_COS_MID_VOY_FRTENTRY,pk=ZwxUid4ZTyOGqqTOR1tG1eYm0hU=
INFO  八月 30 17:36:40.0597 (DataProcess.java    :562 ) writedata to T_COS_MID_VOY_RESULT_COMMENTRY,pk=VS5MUt8VTdqtySb2H+LWj+Ym0hU=
INFO  八月 30 17:36:42.0373 (DataProcess.java    :562 ) writedata to T_COS_MID_VOY_RESULT_COMMENTRY,pk=2aoGJPVDRBKKHc9MjhDti+Ym0hU=
INFO  八月 30 17:36:43.0766 (DataProcess.java    :562 ) writedata to T_COS_MID_VOY_RESULT1,pk=KWxlGhhpT9+P6w7iTUU8D/2TWoQ=
INFO  八月 30 17:36:45.0557 (DataProcess.java    :562 ) writedata to T_COS_MID_VOY_RESULT2,pk=KWxlGhhpT9+P6w7iTUU8D/2TWoQ=
INFO  八月 30 17:36:47.0001 (DataProcess.java    :562 ) writedata to T_COS_MID_VOY_RESULT3,pk=KWxlGhhpT9+P6w7iTUU8D/2TWoQ=
INFO  八月 30 17:36:47.0873 (DataProcess.java    :562 ) writedata to T_COS_MID_VOY_RESULT,pk=KWxlGhhpT9+P6w7iTUU8D/2TWoQ=
INFO  八月 30 17:36:48.0995 (DataProcess.java    :562 ) writedata to T_COS_MID_VOY_RESULT_PRTENTRY,pk=IaasyoUVTg+x/P4VvuHlZeYm0hI=
INFO  八月 30 17:36:51.0061 (DataProcess.java    :562 ) writedata to T_COS_MID_VOY_RESULT_PRTENTRY,pk=ePhpNOI6RLWRzVzkuctYa+Ym0hI=
INFO  八月 30 17:36:53.0516 (DataProcess.java    :562 ) writedata to T_COS_MID_VOY_RESULT_PRTENTRY,pk=+6zKcg4GQIqNLEOEerzozeYm0hI=
INFO  八月 30 17:36:55.0424 (DataProcess.java    :562 ) writedata to T_COS_MID_VOY_FRTENTRY,pk=mF0rJnTuSuqfZh01ptcDXOYm0hU=
INFO  八月 30 17:37:02.0263 (DataProcess.java    :562 ) writedata to T_COS_MID_VOY_RESULT_COMMENTRY,pk=KXrDdQsbS8WW3tbzA+jvmOYm0hU=
INFO  八月 30 17:37:04.0927 (DataProcess.java    :562 ) writedata to T_COS_MID_VOY_RESULT_COMMENTRY,pk=baX78jwPTRSCLqHdjKYbEuYm0hU=
INFO  八月 30 17:37:06.0540 (DataProcess.java    :562 ) writedata to T_COS_MID_VOY_RESULT1,pk=nbUPrFJeR++W8VMyYhNMtv2TWoQ=
INFO  八月 30 17:37:08.0669 (DataProcess.java    :562 ) writedata to T_COS_MID_VOY_RESULT2,pk=nbUPrFJeR++W8VMyYhNMtv2TWoQ=
INFO  八月 30 17:37:09.0979 (DataProcess.java    :562 ) writedata to T_COS_MID_VOY_RESULT3,pk=nbUPrFJeR++W8VMyYhNMtv2TWoQ=
INFO  八月 30 17:37:11.0187 (DataProcess.java    :562 ) writedata to T_COS_MID_VOY_RESULT,pk=nbUPrFJeR++W8VMyYhNMtv2TWoQ=
INFO  八月 30 17:37:11.0845 (DataProcess.java    :562 ) writedata to T_COS_MID_VOY_RESULT_PRTENTRY,pk=SFWUvgmtShK8eeTZq1yoHeYm0hI=
INFO  八月 30 17:37:15.0268 (DataProcess.java    :562 ) writedata to T_COS_MID_VOY_RESULT_PRTENTRY,pk=/gcE8wYnQISPJKcIHztgiOYm0hI=
INFO  八月 30 17:37:17.0866 (DataProcess.java    :562 ) writedata to T_COS_MID_VOY_RESULT_PRTENTRY,pk=Lj7vWxC/SoK+uCccIZ1x2+Ym0hI=
INFO  八月 30 17:37:19.0861 (DataProcess.java    :562 ) writedata to T_COS_MID_VOY_FRTENTRY,pk=omirsuqRQAKk2CDEqUu6a+Ym0hU=
INFO  八月 30 17:37:23.0232 (DataProcess.java    :562 ) writedata to T_COS_MID_VOY_RESULT_COMMENTRY,pk=UpugkUnXSHq587ri0MLxEeYm0hU=
